PasswordManager-master/PasswordManager-master/app/build/intermediates/manifest_merge_blame_file/debug/manifest-merger-blame-debug-report.txt
1<?xml version="1.0" encoding="utf-8"?>
2<manifest xmlns:android="http://schemas.android.com/apk/res/android"
3    package="com.example.passwordmanager"
4    android:versionCode="1"
5    android:versionName="1.0" >
6
7    <uses-sdk
8        android:minSdkVersion="21"
8-->src\main\AndroidManifest.xml
9        android:targetSdkVersion="31" />
9-->src\main\AndroidManifest.xml
10    <!-- Permission to use user's fingerprint -->
11    <uses-permission android:name="android.permission.USE_BIOMETRIC" />
11-->src\main\AndroidManifest.xml:5:5-72
11-->src\main\AndroidManifest.xml:5:22-69
12    <uses-permission android:name="android.permission.USE_FINGERPRINT" />
12-->[androidx.biometric:biometric:1.0.1] AndroidManifest.xml:25:5-74
12-->[androidx.biometric:biometric:1.0.1] AndroidManifest.xml:25:22-71
13
14    <application
14-->src\main\AndroidManifest.xml:7:5-31:19
15        android:allowBackup="true"
15-->src\main\AndroidManifest.xml:8:9-35
16        android:appComponentFactory="androidx.core.app.CoreComponentFactory"
16-->[androidx.core:core:1.5.0] AndroidManifest.xml:24:18-86
17        android:debuggable="true"
18        android:icon="@mipmap/ic_launcher"
18-->src\main\AndroidManifest.xml:9:9-43
19        android:label="@string/app_name"
19-->src\main\AndroidManifest.xml:10:9-41
20        android:roundIcon="@mipmap/ic_launcher_round"
20-->src\main\AndroidManifest.xml:11:9-54
21        android:supportsRtl="true"
21-->src\main\AndroidManifest.xml:12:9-35
22        android:testOnly="true"
23        android:theme="@style/Theme.PasswordManager" >
23-->src\main\AndroidManifest.xml:13:9-53
24        <activity
24-->src\main\AndroidManifest.xml:14:9-15:38
25            android:name="com.example.passwordmanager.ThirdActivity"
25-->src\main\AndroidManifest.xml:14:19-48
26            android:exported="true" />
26-->src\main\AndroidManifest.xml:15:13-36
27        <activity
27-->src\main\AndroidManifest.xml:16:9-18:39
28            android:name="com.example.passwordmanager.NewUserRegistration"
28-->src\main\AndroidManifest.xml:17:13-48
29            android:exported="true" />
29-->src\main\AndroidManifest.xml:18:13-36
30        <activity
30-->src\main\AndroidManifest.xml:19:9-21:39
31            android:name="com.example.passwordmanager.SecondActivity"
31-->src\main\AndroidManifest.xml:20:13-43
32            android:exported="true" />
32-->src\main\AndroidManifest.xml:21:13-36
33        <activity
33-->src\main\AndroidManifest.xml:22:9-30:20
34            android:name="com.example.passwordmanager.MainActivity"
34-->src\main\AndroidManifest.xml:23:13-41
35            android:exported="true" >
35-->src\main\AndroidManifest.xml:24:13-36
36            <intent-filter>
36-->src\main\AndroidManifest.xml:25:13-29:29
37                <action android:name="android.intent.action.MAIN" />
37-->src\main\AndroidManifest.xml:26:17-69
37-->src\main\AndroidManifest.xml:26:25-66
38
39                <category android:name="android.intent.category.LAUNCHER" />
39-->src\main\AndroidManifest.xml:28:17-77
39-->src\main\AndroidManifest.xml:28:27-74
40            </intent-filter>
41        </activity>
42        <activity
42-->[androidx.biometric:biometric:1.0.1] AndroidManifest.xml:28:9-31:67
43            android:name="androidx.biometric.DeviceCredentialHandlerActivity"
43-->[androidx.biometric:biometric:1.0.1] AndroidManifest.xml:29:13-78
44            android:exported="true"
44-->[androidx.biometric:biometric:1.0.1] AndroidManifest.xml:30:13-36
45            android:theme="@style/DeviceCredentialHandlerTheme" />
45-->[androidx.biometric:biometric:1.0.1] AndroidManifest.xml:31:13-64
46    </application>
47
48</manifest>